<?xml version="1.0" encoding="UTF-8"?>
<testsuite xmlns:xsi="http://www.w3.org/2001/XMLSchema-instance" xsi:noNamespaceSchemaLocation="https://maven.apache.org/surefire/maven-surefire-plugin/xsd/surefire-test-report-3.0.xsd" version="3.0" name="com.example.zalexinvoicingdemo.ApplicationTests" time="5.175" tests="1" errors="0" skipped="0" failures="0">
  <properties>
[...]
</properties>
  <testcase name="contextLoads" classname="com.example.zalexinvoicingdemo.ApplicationTests" time="0.414">
    <system-out><![CDATA[12:14:07.367 [main] INFO org.springframework.test.context.support.AnnotationConfigContextLoaderUtils -- Could not detect default configuration classes for test class [com.example.zalexinvoicingdemo.ApplicationTests]: ApplicationTests does not declare any static, non-private, non-final, nested classes annotated with @Configuration.
12:14:07.480 [main] INFO org.springframework.boot.test.context.SpringBootTestContextBootstrapper -- Found @SpringBootConfiguration com.example.zalexinvoicingdemo.Application for test class com.example.zalexinvoicingdemo.ApplicationTests
12:14:07.645 [main] INFO org.springframework.boot.devtools.restart.RestartApplicationListener -- Restart disabled due to context in which it is running

  .   ____          _            __ _ _
 /\\ / ___'_ __ _ _(_)_ __  __ _ \ \ \ \
( ( )\___ | '_ | '_| | '_ \/ _` | \ \ \ \
 \\/  ___)| |_)| | | | | || (_| |  ) ) ) )
  '  |____| .__|_| |_|_| |_\__, | / / / /
 =========|_|==============|___/=/_/_/_/

 :: Spring Boot ::                (v3.3.2)

2024-08-02T12:14:07.898+03:00  INFO 10700 --- [zalex.invoicing.demo] [           main] c.e.zalexinvoicingdemo.ApplicationTests  : Starting ApplicationTests using Java 21.0.4 with PID 10700 (started by Vagg in C:\Users\Public\Documents\zalex.invoicing.demo)
2024-08-02T12:14:07.900+03:00  INFO 10700 --- [zalex.invoicing.demo] [           main] c.e.zalexinvoicingdemo.ApplicationTests  : No active profile set, falling back to 1 default profile: "default"
2024-08-02T12:14:08.620+03:00  INFO 10700 --- [zalex.invoicing.demo] [           main] .s.d.r.c.RepositoryConfigurationDelegate : Bootstrapping Spring Data JPA repositories in DEFAULT mode.
2024-08-02T12:14:08.689+03:00  INFO 10700 --- [zalex.invoicing.demo] [           main] .s.d.r.c.RepositoryConfigurationDelegate : Finished Spring Data repository scanning in 58 ms. Found 3 JPA repository interfaces.
2024-08-02T12:14:09.154+03:00  INFO 10700 --- [zalex.invoicing.demo] [           main] o.hibernate.jpa.internal.util.LogHelper  : HHH000204: Processing PersistenceUnitInfo [name: default]
2024-08-02T12:14:09.223+03:00  INFO 10700 --- [zalex.invoicing.demo] [           main] org.hibernate.Version                    : HHH000412: Hibernate ORM core version 6.5.2.Final
2024-08-02T12:14:09.262+03:00  INFO 10700 --- [zalex.invoicing.demo] [           main] o.h.c.internal.RegionFactoryInitiator    : HHH000026: Second-level cache disabled
2024-08-02T12:14:09.631+03:00  INFO 10700 --- [zalex.invoicing.demo] [           main] o.s.o.j.p.SpringPersistenceUnitInfo      : No LoadTimeWeaver setup: ignoring JPA class transformer
2024-08-02T12:14:09.665+03:00  INFO 10700 --- [zalex.invoicing.demo] [           main] com.zaxxer.hikari.HikariDataSource       : HikariPool-1 - Starting...
2024-08-02T12:14:09.865+03:00  INFO 10700 --- [zalex.invoicing.demo] [           main] com.zaxxer.hikari.pool.HikariPool        : HikariPool-1 - Added connection com.mysql.cj.jdbc.ConnectionImpl@6cceb281
2024-08-02T12:14:09.868+03:00  INFO 10700 --- [zalex.invoicing.demo] [           main] com.zaxxer.hikari.HikariDataSource       : HikariPool-1 - Start completed.
2024-08-02T12:14:10.805+03:00  INFO 10700 --- [zalex.invoicing.demo] [           main] o.h.e.t.j.p.i.JtaPlatformInitiator       : HHH000489: No JTA platform available (set 'hibernate.transaction.jta.platform' to enable JTA platform integration)
Hibernate: alter table invoice drop foreign key FK5e32ukwo9uknwhylogvta4po6
Hibernate: alter table invoice_details drop foreign key FKpc7xa72mljy7weoct7uubgjy7
Hibernate: alter table invoice_details drop foreign key FKswgjrgy5eebhfkmm7bliiyw71
Hibernate: drop table if exists customer
Hibernate: drop table if exists invoice
Hibernate: drop table if exists invoice_details
Hibernate: drop table if exists product
Hibernate: create table customer (account_no bigint not null auto_increment, address varchar(255), first_name varchar(255), last_name varchar(255), middle_name varchar(255), phone varchar(255), primary key (account_no)) engine=InnoDB
Hibernate: create table invoice (date_created date, customer_id bigint, number bigint not null auto_increment, primary key (number)) engine=InnoDB
Hibernate: create table invoice_details (quantity integer not null, id bigint not null auto_increment, invoice_id bigint, product_id bigint, primary key (id)) engine=InnoDB
Hibernate: create table product (price float(53) not null, id bigint not null auto_increment, description varchar(255), model_number varchar(255), name varchar(255), primary key (id)) engine=InnoDB
Hibernate: alter table invoice add constraint FK5e32ukwo9uknwhylogvta4po6 foreign key (customer_id) references customer (account_no)
Hibernate: alter table invoice_details add constraint FKpc7xa72mljy7weoct7uubgjy7 foreign key (invoice_id) references invoice (number)
Hibernate: alter table invoice_details add constraint FKswgjrgy5eebhfkmm7bliiyw71 foreign key (product_id) references product (id)
2024-08-02T12:14:11.054+03:00  INFO 10700 --- [zalex.invoicing.demo] [           main] j.LocalContainerEntityManagerFactoryBean : Initialized JPA EntityManagerFactory for persistence unit 'default'
2024-08-02T12:14:11.491+03:00  WARN 10700 --- [zalex.invoicing.demo] [           main] JpaBaseConfiguration$JpaWebConfiguration : spring.jpa.open-in-view is enabled by default. Therefore, database queries may be performed during view rendering. Explicitly configure spring.jpa.open-in-view to disable this warning
2024-08-02T12:14:11.520+03:00  INFO 10700 --- [zalex.invoicing.demo] [           main] o.s.b.a.w.s.WelcomePageHandlerMapping    : Adding welcome page: class path resource [static/index.html]
2024-08-02T12:14:11.942+03:00  INFO 10700 --- [zalex.invoicing.demo] [           main] c.e.zalexinvoicingdemo.ApplicationTests  : Started ApplicationTests in 4.314 seconds (process running for 5.399)
]]></system-out>
    <system-err><![CDATA[WARNING: A Java agent has been loaded dynamically (C:\Users\Vagg\.m2\repository\net\bytebuddy\byte-buddy-agent\1.14.18\byte-buddy-agent-1.14.18.jar)
WARNING: If a serviceability tool is in use, please run with -XX:+EnableDynamicAgentLoading to hide this warning
WARNING: If a serviceability tool is not in use, please run with -Djdk.instrument.traceUsage for more information
WARNING: Dynamic loading of agents will be disallowed by default in a future release
]]></system-err>
  </testcase>
</testsuite>